{
    "meta": {
        "format": 3,
        "version": "7.12.0",
        "timestamp": "2025-12-10T23:40:49.405630",
        "branch_coverage": false,
        "show_contexts": false
    },
    "files": {
        "src/puzzle_arcade_server/base/__init__.py": {
            "executed_lines": [
                1,
                3,
                5
            ],
            "summary": {
                "covered_lines": 2,
                "num_statements": 2,
                "percent_covered": 100.0,
                "percent_covered_display": "100",
                "missing_lines": 0,
                "excluded_lines": 0,
                "percent_statements_covered": 100.0,
                "percent_statements_covered_display": "100"
            },
            "missing_lines": [],
            "excluded_lines": [],
            "functions": {
                "": {
                    "executed_lines": [
                        1,
                        3,
                        5
                    ],
                    "summary": {
                        "covered_lines": 2,
                        "num_statements": 2,
                        "percent_covered": 100.0,
                        "percent_covered_display": "100",
                        "missing_lines": 0,
                        "excluded_lines": 0,
                        "percent_statements_covered": 100.0,
                        "percent_statements_covered_display": "100"
                    },
                    "missing_lines": [],
                    "excluded_lines": []
                }
            },
            "classes": {
                "": {
                    "executed_lines": [
                        1,
                        3,
                        5
                    ],
                    "summary": {
                        "covered_lines": 2,
                        "num_statements": 2,
                        "percent_covered": 100.0,
                        "percent_covered_display": "100",
                        "missing_lines": 0,
                        "excluded_lines": 0,
                        "percent_statements_covered": 100.0,
                        "percent_statements_covered_display": "100"
                    },
                    "missing_lines": [],
                    "excluded_lines": []
                }
            }
        },
        "src/puzzle_arcade_server/base/puzzle_game.py": {
            "executed_lines": [
                1,
                3,
                4,
                6,
                9,
                10,
                17,
                24,
                25,
                29,
                30,
                32,
                33,
                43,
                44,
                56,
                57,
                65,
                66,
                76,
                77,
                87,
                88,
                96,
                97,
                105,
                111,
                113,
                114,
                115,
                119,
                120,
                121
            ],
            "summary": {
                "covered_lines": 11,
                "num_statements": 12,
                "percent_covered": 91.66666666666667,
                "percent_covered_display": "92",
                "missing_lines": 1,
                "excluded_lines": 76,
                "percent_statements_covered": 91.66666666666667,
                "percent_statements_covered_display": "92"
            },
            "missing_lines": [
                27
            ],
            "excluded_lines": [
                32,
                33,
                34,
                35,
                36,
                37,
                38,
                39,
                40,
                41,
                43,
                44,
                45,
                46,
                47,
                48,
                49,
                50,
                51,
                52,
                53,
                54,
                56,
                57,
                58,
                59,
                60,
                61,
                62,
                63,
                65,
                66,
                67,
                68,
                69,
                70,
                71,
                72,
                73,
                74,
                76,
                77,
                78,
                79,
                80,
                81,
                82,
                83,
                84,
                85,
                87,
                88,
                89,
                90,
                91,
                92,
                93,
                94,
                96,
                97,
                98,
                99,
                100,
                101,
                102,
                103,
                113,
                114,
                115,
                116,
                117,
                119,
                120,
                121,
                122,
                123
            ],
            "functions": {
                "PuzzleGame.__init__": {
                    "executed_lines": [
                        24,
                        25,
                        29,
                        30
                    ],
                    "summary": {
                        "covered_lines": 4,
                        "num_statements": 5,
                        "percent_covered": 80.0,
                        "percent_covered_display": "80",
                        "missing_lines": 1,
                        "excluded_lines": 0,
                        "percent_statements_covered": 80.0,
                        "percent_statements_covered_display": "80"
                    },
                    "missing_lines": [
                        27
                    ],
                    "excluded_lines": []
                },
                "PuzzleGame.generate_puzzle": {
                    "executed_lines": [],
                    "summary": {
                        "covered_lines": 0,
                        "num_statements": 0,
                        "percent_covered": 100.0,
                        "percent_covered_display": "100",
                        "missing_lines": 0,
                        "excluded_lines": 8,
                        "percent_statements_covered": 100.0,
                        "percent_statements_covered_display": "100"
                    },
                    "missing_lines": [],
                    "excluded_lines": [
                        34,
                        35,
                        36,
                        37,
                        38,
                        39,
                        40,
                        41
                    ]
                },
                "PuzzleGame.validate_move": {
                    "executed_lines": [],
                    "summary": {
                        "covered_lines": 0,
                        "num_statements": 0,
                        "percent_covered": 100.0,
                        "percent_covered_display": "100",
                        "missing_lines": 0,
                        "excluded_lines": 10,
                        "percent_statements_covered": 100.0,
                        "percent_statements_covered_display": "100"
                    },
                    "missing_lines": [],
                    "excluded_lines": [
                        45,
                        46,
                        47,
                        48,
                        49,
                        50,
                        51,
                        52,
                        53,
                        54
                    ]
                },
                "PuzzleGame.is_complete": {
                    "executed_lines": [],
                    "summary": {
                        "covered_lines": 0,
                        "num_statements": 0,
                        "percent_covered": 100.0,
                        "percent_covered_display": "100",
                        "missing_lines": 0,
                        "excluded_lines": 6,
                        "percent_statements_covered": 100.0,
                        "percent_statements_covered_display": "100"
                    },
                    "missing_lines": [],
                    "excluded_lines": [
                        58,
                        59,
                        60,
                        61,
                        62,
                        63
                    ]
                },
                "PuzzleGame.get_hint": {
                    "executed_lines": [],
                    "summary": {
                        "covered_lines": 0,
                        "num_statements": 0,
                        "percent_covered": 100.0,
                        "percent_covered_display": "100",
                        "missing_lines": 0,
                        "excluded_lines": 8,
                        "percent_statements_covered": 100.0,
                        "percent_statements_covered_display": "100"
                    },
                    "missing_lines": [],
                    "excluded_lines": [
                        67,
                        68,
                        69,
                        70,
                        71,
                        72,
                        73,
                        74
                    ]
                },
                "PuzzleGame.render_grid": {
                    "executed_lines": [],
                    "summary": {
                        "covered_lines": 0,
                        "num_statements": 0,
                        "percent_covered": 100.0,
                        "percent_covered_display": "100",
                        "missing_lines": 0,
                        "excluded_lines": 8,
                        "percent_statements_covered": 100.0,
                        "percent_statements_covered_display": "100"
                    },
                    "missing_lines": [],
                    "excluded_lines": [
                        78,
                        79,
                        80,
                        81,
                        82,
                        83,
                        84,
                        85
                    ]
                },
                "PuzzleGame.get_rules": {
                    "executed_lines": [],
                    "summary": {
                        "covered_lines": 0,
                        "num_statements": 0,
                        "percent_covered": 100.0,
                        "percent_covered_display": "100",
                        "missing_lines": 0,
                        "excluded_lines": 6,
                        "percent_statements_covered": 100.0,
                        "percent_statements_covered_display": "100"
                    },
                    "missing_lines": [],
                    "excluded_lines": [
                        89,
                        90,
                        91,
                        92,
                        93,
                        94
                    ]
                },
                "PuzzleGame.get_commands": {
                    "executed_lines": [],
                    "summary": {
                        "covered_lines": 0,
                        "num_statements": 0,
                        "percent_covered": 100.0,
                        "percent_covered_display": "100",
                        "missing_lines": 0,
                        "excluded_lines": 6,
                        "percent_statements_covered": 100.0,
                        "percent_statements_covered_display": "100"
                    },
                    "missing_lines": [],
                    "excluded_lines": [
                        98,
                        99,
                        100,
                        101,
                        102,
                        103
                    ]
                },
                "PuzzleGame.get_stats": {
                    "executed_lines": [
                        111
                    ],
                    "summary": {
                        "covered_lines": 1,
                        "num_statements": 1,
                        "percent_covered": 100.0,
                        "percent_covered_display": "100",
                        "missing_lines": 0,
                        "excluded_lines": 0,
                        "percent_statements_covered": 100.0,
                        "percent_statements_covered_display": "100"
                    },
                    "missing_lines": [],
                    "excluded_lines": []
                },
                "PuzzleGame.name": {
                    "executed_lines": [],
                    "summary": {
                        "covered_lines": 0,
                        "num_statements": 0,
                        "percent_covered": 100.0,
                        "percent_covered_display": "100",
                        "missing_lines": 0,
                        "excluded_lines": 2,
                        "percent_statements_covered": 100.0,
                        "percent_statements_covered_display": "100"
                    },
                    "missing_lines": [],
                    "excluded_lines": [
                        116,
                        117
                    ]
                },
                "PuzzleGame.description": {
                    "executed_lines": [],
                    "summary": {
                        "covered_lines": 0,
                        "num_statements": 0,
                        "percent_covered": 100.0,
                        "percent_covered_display": "100",
                        "missing_lines": 0,
                        "excluded_lines": 2,
                        "percent_statements_covered": 100.0,
                        "percent_statements_covered_display": "100"
                    },
                    "missing_lines": [],
                    "excluded_lines": [
                        122,
                        123
                    ]
                },
                "": {
                    "executed_lines": [
                        1,
                        3,
                        4,
                        6,
                        9,
                        10,
                        17,
                        32,
                        33,
                        43,
                        44,
                        56,
                        57,
                        65,
                        66,
                        76,
                        77,
                        87,
                        88,
                        96,
                        97,
                        105,
                        113,
                        114,
                        115,
                        119,
                        120,
                        121
                    ],
                    "summary": {
                        "covered_lines": 6,
                        "num_statements": 6,
                        "percent_covered": 100.0,
                        "percent_covered_display": "100",
                        "missing_lines": 0,
                        "excluded_lines": 20,
                        "percent_statements_covered": 100.0,
                        "percent_statements_covered_display": "100"
                    },
                    "missing_lines": [],
                    "excluded_lines": [
                        32,
                        33,
                        43,
                        44,
                        56,
                        57,
                        65,
                        66,
                        76,
                        77,
                        87,
                        88,
                        96,
                        97,
                        113,
                        114,
                        115,
                        119,
                        120,
                        121
                    ]
                }
            },
            "classes": {
                "PuzzleGame": {
                    "executed_lines": [
                        24,
                        25,
                        29,
                        30,
                        111
                    ],
                    "summary": {
                        "covered_lines": 5,
                        "num_statements": 6,
                        "percent_covered": 83.33333333333333,
                        "percent_covered_display": "83",
                        "missing_lines": 1,
                        "excluded_lines": 56,
                        "percent_statements_covered": 83.33333333333333,
                        "percent_statements_covered_display": "83"
                    },
                    "missing_lines": [
                        27
                    ],
                    "excluded_lines": [
                        34,
                        35,
                        36,
                        37,
                        38,
                        39,
                        40,
                        41,
                        45,
                        46,
                        47,
                        48,
                        49,
                        50,
                        51,
                        52,
                        53,
                        54,
                        58,
                        59,
                        60,
                        61,
                        62,
                        63,
                        67,
                        68,
                        69,
                        70,
                        71,
                        72,
                        73,
                        74,
                        78,
                        79,
                        80,
                        81,
                        82,
                        83,
                        84,
                        85,
                        89,
                        90,
                        91,
                        92,
                        93,
                        94,
                        98,
                        99,
                        100,
                        101,
                        102,
                        103,
                        116,
                        117,
                        122,
                        123
                    ]
                },
                "": {
                    "executed_lines": [
                        1,
                        3,
                        4,
                        6,
                        9,
                        10,
                        17,
                        32,
                        33,
                        43,
                        44,
                        56,
                        57,
                        65,
                        66,
                        76,
                        77,
                        87,
                        88,
                        96,
                        97,
                        105,
                        113,
                        114,
                        115,
                        119,
                        120,
                        121
                    ],
                    "summary": {
                        "covered_lines": 6,
                        "num_statements": 6,
                        "percent_covered": 100.0,
                        "percent_covered_display": "100",
                        "missing_lines": 0,
                        "excluded_lines": 20,
                        "percent_statements_covered": 100.0,
                        "percent_statements_covered_display": "100"
                    },
                    "missing_lines": [],
                    "excluded_lines": [
                        32,
                        33,
                        43,
                        44,
                        56,
                        57,
                        65,
                        66,
                        76,
                        77,
                        87,
                        88,
                        96,
                        97,
                        113,
                        114,
                        115,
                        119,
                        120,
                        121
                    ]
                }
            }
        },
        "src/puzzle_arcade_server/games/__init__.py": {
            "executed_lines": [
                1,
                3,
                4,
                5,
                6,
                7,
                8,
                9,
                10,
                11,
                12,
                13,
                14,
                15,
                16,
                17,
                18,
                21,
                44
            ],
            "summary": {
                "covered_lines": 18,
                "num_statements": 18,
                "percent_covered": 100.0,
                "percent_covered_display": "100",
                "missing_lines": 0,
                "excluded_lines": 0,
                "percent_statements_covered": 100.0,
                "percent_statements_covered_display": "100"
            },
            "missing_lines": [],
            "excluded_lines": [],
            "functions": {
                "": {
                    "executed_lines": [
                        1,
                        3,
                        4,
                        5,
                        6,
                        7,
                        8,
                        9,
                        10,
                        11,
                        12,
                        13,
                        14,
                        15,
                        16,
                        17,
                        18,
                        21,
                        44
                    ],
                    "summary": {
                        "covered_lines": 18,
                        "num_statements": 18,
                        "percent_covered": 100.0,
                        "percent_covered_display": "100",
                        "missing_lines": 0,
                        "excluded_lines": 0,
                        "percent_statements_covered": 100.0,
                        "percent_statements_covered_display": "100"
                    },
                    "missing_lines": [],
                    "excluded_lines": []
                }
            },
            "classes": {
                "": {
                    "executed_lines": [
                        1,
                        3,
                        4,
                        5,
                        6,
                        7,
                        8,
                        9,
                        10,
                        11,
                        12,
                        13,
                        14,
                        15,
                        16,
                        17,
                        18,
                        21,
                        44
                    ],
                    "summary": {
                        "covered_lines": 18,
                        "num_statements": 18,
                        "percent_covered": 100.0,
                        "percent_covered_display": "100",
                        "missing_lines": 0,
                        "excluded_lines": 0,
                        "percent_statements_covered": 100.0,
                        "percent_statements_covered_display": "100"
                    },
                    "missing_lines": [],
                    "excluded_lines": []
                }
            }
        },
        "src/puzzle_arcade_server/games/binary.py": {
            "executed_lines": [
                1,
                3,
                4,
                6,
                8,
                9,
                12,
                13,
                21,
                27,
                30,
                31,
                34,
                35,
                36,
                38,
                39,
                41,
                43,
                44,
                46,
                48,
                58,
                59,
                60,
                61,
                62,
                65,
                66,
                67,
                68,
                69,
                71,
                73,
                82,
                84,
                85,
                87,
                89,
                91,
                97,
                98,
                99,
                101,
                102,
                105,
                107,
                108,
                110,
                111,
                112,
                113,
                115,
                117,
                119,
                121,
                125,
                128,
                130,
                131,
                134,
                135,
                136,
                137,
                138,
                141,
                142,
                143,
                144,
                145,
                147,
                149,
                150,
                151,
                152,
                153,
                154,
                157,
                158,
                159,
                160,
                162,
                165,
                170,
                173,
                176,
                177,
                179,
                180,
                182,
                183,
                184,
                186,
                198,
                199,
                202,
                203,
                206,
                207,
                210,
                211,
                212,
                215,
                216,
                219,
                220,
                223,
                224,
                225,
                228,
                229,
                230,
                231,
                233,
                234,
                235,
                236,
                238,
                239,
                241,
                244,
                245,
                246,
                247,
                248,
                251,
                253,
                259,
                260,
                263,
                264,
                265,
                266,
                268,
                274,
                277,
                278,
                279,
                280,
                281,
                282,
                284,
                285,
                286,
                287,
                288,
                289,
                291,
                292,
                293,
                295,
                297,
                303,
                309,
                315,
                325,
                331,
                332
            ],
            "summary": {
                "covered_lines": 156,
                "num_statements": 158,
                "percent_covered": 98.73417721518987,
                "percent_covered_display": "99",
                "missing_lines": 2,
                "excluded_lines": 0,
                "percent_statements_covered": 98.73417721518987,
                "percent_statements_covered_display": "99"
            },
            "missing_lines": [
                249,
                261
            ],
            "excluded_lines": [],
            "functions": {
                "BinaryPuzzleGame.__init__": {
                    "executed_lines": [
                        27,
                        30,
                        31,
                        34,
                        35,
                        36
                    ],
                    "summary": {
                        "covered_lines": 6,
                        "num_statements": 6,
                        "percent_covered": 100.0,
                        "percent_covered_display": "100",
                        "missing_lines": 0,
                        "excluded_lines": 0,
                        "percent_statements_covered": 100.0,
                        "percent_statements_covered_display": "100"
                    },
                    "missing_lines": [],
                    "excluded_lines": []
                },
                "BinaryPuzzleGame.name": {
                    "executed_lines": [
                        41
                    ],
                    "summary": {
                        "covered_lines": 1,
                        "num_statements": 1,
                        "percent_covered": 100.0,
                        "percent_covered_display": "100",
                        "missing_lines": 0,
                        "excluded_lines": 0,
                        "percent_statements_covered": 100.0,
                        "percent_statements_covered_display": "100"
                    },
                    "missing_lines": [],
                    "excluded_lines": []
                },
                "BinaryPuzzleGame.description": {
                    "executed_lines": [
                        46
                    ],
                    "summary": {
                        "covered_lines": 1,
                        "num_statements": 1,
                        "percent_covered": 100.0,
                        "percent_covered_display": "100",
                        "missing_lines": 0,
                        "excluded_lines": 0,
                        "percent_statements_covered": 100.0,
                        "percent_statements_covered_display": "100"
                    },
                    "missing_lines": [],
                    "excluded_lines": []
                },
                "BinaryPuzzleGame._check_no_three_consecutive": {
                    "executed_lines": [
                        58,
                        59,
                        60,
                        61,
                        62,
                        65,
                        66,
                        67,
                        68,
                        69,
                        71
                    ],
                    "summary": {
                        "covered_lines": 11,
                        "num_statements": 11,
                        "percent_covered": 100.0,
                        "percent_covered_display": "100",
                        "missing_lines": 0,
                        "excluded_lines": 0,
                        "percent_statements_covered": 100.0,
                        "percent_statements_covered_display": "100"
                    },
                    "missing_lines": [],
                    "excluded_lines": []
                },
                "BinaryPuzzleGame._check_equal_counts": {
                    "executed_lines": [
                        82,
                        84,
                        85,
                        87,
                        89
                    ],
                    "summary": {
                        "covered_lines": 5,
                        "num_statements": 5,
                        "percent_covered": 100.0,
                        "percent_covered_display": "100",
                        "missing_lines": 0,
                        "excluded_lines": 0,
                        "percent_statements_covered": 100.0,
                        "percent_statements_covered_display": "100"
                    },
                    "missing_lines": [],
                    "excluded_lines": []
                },
                "BinaryPuzzleGame._generate_valid_solution": {
                    "executed_lines": [
                        97,
                        98,
                        99,
                        101,
                        102,
                        105,
                        107,
                        108,
                        110,
                        111,
                        112,
                        113,
                        115,
                        117,
                        119
                    ],
                    "summary": {
                        "covered_lines": 15,
                        "num_statements": 15,
                        "percent_covered": 100.0,
                        "percent_covered_display": "100",
                        "missing_lines": 0,
                        "excluded_lines": 0,
                        "percent_statements_covered": 100.0,
                        "percent_statements_covered_display": "100"
                    },
                    "missing_lines": [],
                    "excluded_lines": []
                },
                "BinaryPuzzleGame.generate_puzzle": {
                    "executed_lines": [
                        125,
                        128,
                        130,
                        131,
                        134,
                        135,
                        136,
                        137,
                        138,
                        141,
                        142,
                        143,
                        144,
                        145,
                        147,
                        149,
                        150,
                        151,
                        152,
                        153,
                        154,
                        157,
                        158,
                        159,
                        160,
                        162,
                        165,
                        170,
                        173,
                        176,
                        177,
                        179,
                        180,
                        182,
                        183,
                        184
                    ],
                    "summary": {
                        "covered_lines": 36,
                        "num_statements": 36,
                        "percent_covered": 100.0,
                        "percent_covered_display": "100",
                        "missing_lines": 0,
                        "excluded_lines": 0,
                        "percent_statements_covered": 100.0,
                        "percent_statements_covered_display": "100"
                    },
                    "missing_lines": [],
                    "excluded_lines": []
                },
                "BinaryPuzzleGame.validate_move": {
                    "executed_lines": [
                        198,
                        199,
                        202,
                        203,
                        206,
                        207,
                        210,
                        211,
                        212,
                        215,
                        216,
                        219,
                        220,
                        223,
                        224,
                        225,
                        228,
                        229,
                        230,
                        231,
                        233,
                        234,
                        235,
                        236,
                        238,
                        239
                    ],
                    "summary": {
                        "covered_lines": 26,
                        "num_statements": 26,
                        "percent_covered": 100.0,
                        "percent_covered_display": "100",
                        "missing_lines": 0,
                        "excluded_lines": 0,
                        "percent_statements_covered": 100.0,
                        "percent_statements_covered_display": "100"
                    },
                    "missing_lines": [],
                    "excluded_lines": []
                },
                "BinaryPuzzleGame.is_complete": {
                    "executed_lines": [
                        244,
                        245,
                        246,
                        247,
                        248,
                        251
                    ],
                    "summary": {
                        "covered_lines": 6,
                        "num_statements": 7,
                        "percent_covered": 85.71428571428571,
                        "percent_covered_display": "86",
                        "missing_lines": 1,
                        "excluded_lines": 0,
                        "percent_statements_covered": 85.71428571428571,
                        "percent_statements_covered_display": "86"
                    },
                    "missing_lines": [
                        249
                    ],
                    "excluded_lines": []
                },
                "BinaryPuzzleGame.get_hint": {
                    "executed_lines": [
                        259,
                        260,
                        263,
                        264,
                        265,
                        266
                    ],
                    "summary": {
                        "covered_lines": 6,
                        "num_statements": 7,
                        "percent_covered": 85.71428571428571,
                        "percent_covered_display": "86",
                        "missing_lines": 1,
                        "excluded_lines": 0,
                        "percent_statements_covered": 85.71428571428571,
                        "percent_statements_covered_display": "86"
                    },
                    "missing_lines": [
                        261
                    ],
                    "excluded_lines": []
                },
                "BinaryPuzzleGame.render_grid": {
                    "executed_lines": [
                        274,
                        277,
                        278,
                        279,
                        280,
                        281,
                        282,
                        284,
                        285,
                        286,
                        287,
                        288,
                        289,
                        291,
                        292,
                        293,
                        295
                    ],
                    "summary": {
                        "covered_lines": 17,
                        "num_statements": 17,
                        "percent_covered": 100.0,
                        "percent_covered_display": "100",
                        "missing_lines": 0,
                        "excluded_lines": 0,
                        "percent_statements_covered": 100.0,
                        "percent_statements_covered_display": "100"
                    },
                    "missing_lines": [],
                    "excluded_lines": []
                },
                "BinaryPuzzleGame.get_rules": {
                    "executed_lines": [
                        303
                    ],
                    "summary": {
                        "covered_lines": 1,
                        "num_statements": 1,
                        "percent_covered": 100.0,
                        "percent_covered_display": "100",
                        "missing_lines": 0,
                        "excluded_lines": 0,
                        "percent_statements_covered": 100.0,
                        "percent_statements_covered_display": "100"
                    },
                    "missing_lines": [],
                    "excluded_lines": []
                },
                "BinaryPuzzleGame.get_commands": {
                    "executed_lines": [
                        315
                    ],
                    "summary": {
                        "covered_lines": 1,
                        "num_statements": 1,
                        "percent_covered": 100.0,
                        "percent_covered_display": "100",
                        "missing_lines": 0,
                        "excluded_lines": 0,
                        "percent_statements_covered": 100.0,
                        "percent_statements_covered_display": "100"
                    },
                    "missing_lines": [],
                    "excluded_lines": []
                },
                "BinaryPuzzleGame.get_stats": {
                    "executed_lines": [
                        331,
                        332
                    ],
                    "summary": {
                        "covered_lines": 2,
                        "num_statements": 2,
                        "percent_covered": 100.0,
                        "percent_covered_display": "100",
                        "missing_lines": 0,
                        "excluded_lines": 0,
                        "percent_statements_covered": 100.0,
                        "percent_statements_covered_display": "100"
                    },
                    "missing_lines": [],
                    "excluded_lines": []
                },
                "": {
                    "executed_lines": [
                        1,
                        3,
                        4,
                        6,
                        8,
                        9,
                        12,
                        13,
                        21,
                        38,
                        39,
                        43,
                        44,
                        48,
                        73,
                        91,
                        121,
                        186,
                        241,
                        253,
                        268,
                        297,
                        309,
                        325
                    ],
                    "summary": {
                        "covered_lines": 22,
                        "num_statements": 22,
                        "percent_covered": 100.0,
                        "percent_covered_display": "100",
                        "missing_lines": 0,
                        "excluded_lines": 0,
                        "percent_statements_covered": 100.0,
                        "percent_statements_covered_display": "100"
                    },
                    "missing_lines": [],
                    "excluded_lines": []
                }
            },
            "classes": {
                "BinaryPuzzleGame": {
                    "executed_lines": [
                        27,
                        30,
                        31,
                        34,
                        35,
                        36,
                        41,
                        46,
                        58,
                        59,
                        60,
                        61,
                        62,
                        65,
                        66,
                        67,
                        68,
                        69,
                        71,
                        82,
                        84,
                        85,
                        87,
                        89,
                        97,
                        98,
                        99,
                        101,
                        102,
                        105,
                        107,
                        108,
                        110,
                        111,
                        112,
                        113,
                        115,
                        117,
                        119,
                        125,
                        128,
                        130,
                        131,
                        134,
                        135,
                        136,
                        137,
                        138,
                        141,
                        142,
                        143,
                        144,
                        145,
                        147,
                        149,
                        150,
                        151,
                        152,
                        153,
                        154,
                        157,
                        158,
                        159,
                        160,
                        162,
                        165,
                        170,
                        173,
                        176,
                        177,
                        179,
                        180,
                        182,
                        183,
                        184,
                        198,
                        199,
                        202,
                        203,
                        206,
                        207,
                        210,
                        211,
                        212,
                        215,
                        216,
                        219,
                        220,
                        223,
                        224,
                        225,
                        228,
                        229,
                        230,
                        231,
                        233,
                        234,
                        235,
                        236,
                        238,
                        239,
                        244,
                        245,
                        246,
                        247,
                        248,
                        251,
                        259,
                        260,
                        263,
                        264,
                        265,
                        266,
                        274,
                        277,
                        278,
                        279,
                        280,
                        281,
                        282,
                        284,
                        285,
                        286,
                        287,
                        288,
                        289,
                        291,
                        292,
                        293,
                        295,
                        303,
                        315,
                        331,
                        332
                    ],
                    "summary": {
                        "covered_lines": 134,
                        "num_statements": 136,
                        "percent_covered": 98.52941176470588,
                        "percent_covered_display": "99",
                        "missing_lines": 2,
                        "excluded_lines": 0,
                        "percent_statements_covered": 98.52941176470588,
                        "percent_statements_covered_display": "99"
                    },
                    "missing_lines": [
                        249,
                        261
                    ],
                    "excluded_lines": []
                },
                "": {
                    "executed_lines": [
                        1,
                        3,
                        4,
                        6,
                        8,
                        9,
                        12,
                        13,
                        21,
                        38,
                        39,
                        43,
                        44,
                        48,
                        73,
                        91,
                        121,
                        186,
                        241,
                        253,
                        268,
                        297,
                        309,
                        325
                    ],
                    "summary": {
                        "covered_lines": 22,
                        "num_statements": 22,
                        "percent_covered": 100.0,
                        "percent_covered_display": "100",
                        "missing_lines": 0,
                        "excluded_lines": 0,
                        "percent_statements_covered": 100.0,
                        "percent_statements_covered_display": "100"
                    },
                    "missing_lines": [],
                    "excluded_lines": []
                }
            }
        },
        "src/puzzle_arcade_server/games/einstein.py": {
            "executed_lines": [
                1,
                3,
                4,
                6,
                8,
                9,
                12,
                13,
                20,
                26,
                29,
                32,
                33,
                34,
                35,
                36,
                39,
                42,
                45,
                47,
                48,
                50,
                52,
                53,
                55,
                57,
                60,
                61,
                62,
                63,
                64,
                66,
                67,
                68,
                69,
                70,
                73,
                74,
                75,
                86,
                89,
                91,
                92,
                94,
                96,
                99,
                100,
                101,
                102,
                106,
                107,
                109,
                110,
                113,
                116,
                117,
                120,
                121,
                122,
                125,
                126,
                127,
                130,
                131,
                132,
                133,
                136,
                137,
                138,
                140,
                141,
                142,
                145,
                150,
                151,
                153,
                165,
                168,
                169,
                172,
                173,
                176,
                179,
                180,
                181,
                184,
                185,
                186,
                187,
                188,
                189,
                190,
                191,
                192,
                193,
                199,
                200,
                201,
                204,
                207,
                208,
                209,
                212,
                213,
                214,
                215,
                216,
                223,
                224,
                225,
                227,
                230,
                231,
                232,
                235,
                236,
                237,
                238,
                240,
                242,
                249,
                250,
                251,
                252,
                253,
                254,
                255,
                257,
                259,
                265,
                267,
                268,
                271,
                272,
                274,
                275,
                276,
                277,
                278,
                279,
                280,
                282,
                284,
                285,
                286,
                287,
                289,
                291,
                297,
                305,
                311,
                321,
                327,
                333,
                335
            ],
            "summary": {
                "covered_lines": 153,
                "num_statements": 156,
                "percent_covered": 98.07692307692308,
                "percent_covered_display": "98",
                "missing_lines": 3,
                "excluded_lines": 0,
                "percent_statements_covered": 98.07692307692308,
                "percent_statements_covered_display": "98"
            },
            "missing_lines": [
                103,
                196,
                202
            ],
            "excluded_lines": [],
            "functions": {
                "EinsteinGame.__init__": {
                    "executed_lines": [
                        26,
                        29,
                        32,
                        33,
                        34,
                        35,
                        36,
                        39,
                        42,
                        45
                    ],
                    "summary": {
                        "covered_lines": 10,
                        "num_statements": 10,
                        "percent_covered": 100.0,
                        "percent_covered_display": "100",
                        "missing_lines": 0,
                        "excluded_lines": 0,
                        "percent_statements_covered": 100.0,
                        "percent_statements_covered_display": "100"
                    },
                    "missing_lines": [],
                    "excluded_lines": []
                },
                "EinsteinGame.name": {
                    "executed_lines": [
                        50
                    ],
                    "summary": {
                        "covered_lines": 1,
                        "num_statements": 1,
                        "percent_covered": 100.0,
                        "percent_covered_display": "100",
                        "missing_lines": 0,
                        "excluded_lines": 0,
                        "percent_statements_covered": 100.0,
                        "percent_statements_covered_display": "100"
                    },
                    "missing_lines": [],
                    "excluded_lines": []
                },
                "EinsteinGame.description": {
                    "executed_lines": [
                        55
                    ],
                    "summary": {
                        "covered_lines": 1,
                        "num_statements": 1,
                        "percent_covered": 100.0,
                        "percent_covered_display": "100",
                        "missing_lines": 0,
                        "excluded_lines": 0,
                        "percent_statements_covered": 100.0,
                        "percent_statements_covered_display": "100"
                    },
                    "missing_lines": [],
                    "excluded_lines": []
                },
                "EinsteinGame.generate_puzzle": {
                    "executed_lines": [
                        60,
                        61,
                        62,
                        63,
                        64,
                        66,
                        67,
                        68,
                        69,
                        70,
                        73,
                        74,
                        75,
                        86,
                        89,
                        91,
                        92
                    ],
                    "summary": {
                        "covered_lines": 17,
                        "num_statements": 17,
                        "percent_covered": 100.0,
                        "percent_covered_display": "100",
                        "missing_lines": 0,
                        "excluded_lines": 0,
                        "percent_statements_covered": 100.0,
                        "percent_statements_covered_display": "100"
                    },
                    "missing_lines": [],
                    "excluded_lines": []
                },
                "EinsteinGame._generate_clues": {
                    "executed_lines": [
                        96,
                        99,
                        106,
                        107,
                        109,
                        110,
                        113,
                        116,
                        117,
                        120,
                        121,
                        122,
                        125,
                        126,
                        127,
                        130,
                        131,
                        132,
                        133,
                        136,
                        137,
                        138,
                        140,
                        141,
                        142,
                        145,
                        150,
                        151
                    ],
                    "summary": {
                        "covered_lines": 28,
                        "num_statements": 28,
                        "percent_covered": 100.0,
                        "percent_covered_display": "100",
                        "missing_lines": 0,
                        "excluded_lines": 0,
                        "percent_statements_covered": 100.0,
                        "percent_statements_covered_display": "100"
                    },
                    "missing_lines": [],
                    "excluded_lines": []
                },
                "EinsteinGame._generate_clues.find_house": {
                    "executed_lines": [
                        100,
                        101,
                        102
                    ],
                    "summary": {
                        "covered_lines": 3,
                        "num_statements": 4,
                        "percent_covered": 75.0,
                        "percent_covered_display": "75",
                        "missing_lines": 1,
                        "excluded_lines": 0,
                        "percent_statements_covered": 75.0,
                        "percent_statements_covered_display": "75"
                    },
                    "missing_lines": [
                        103
                    ],
                    "excluded_lines": []
                },
                "EinsteinGame.validate_move": {
                    "executed_lines": [
                        165,
                        168,
                        169,
                        172,
                        173,
                        176,
                        179,
                        180,
                        181,
                        184,
                        185,
                        186,
                        187,
                        188,
                        189,
                        190,
                        191,
                        192,
                        193,
                        199,
                        200,
                        201,
                        204,
                        207,
                        208,
                        209,
                        212,
                        213,
                        214,
                        215,
                        216,
                        223,
                        224,
                        225
                    ],
                    "summary": {
                        "covered_lines": 34,
                        "num_statements": 36,
                        "percent_covered": 94.44444444444444,
                        "percent_covered_display": "94",
                        "missing_lines": 2,
                        "excluded_lines": 0,
                        "percent_statements_covered": 94.44444444444444,
                        "percent_statements_covered_display": "94"
                    },
                    "missing_lines": [
                        196,
                        202
                    ],
                    "excluded_lines": []
                },
                "EinsteinGame.is_complete": {
                    "executed_lines": [
                        230,
                        231,
                        232,
                        235,
                        236,
                        237,
                        238,
                        240
                    ],
                    "summary": {
                        "covered_lines": 8,
                        "num_statements": 8,
                        "percent_covered": 100.0,
                        "percent_covered_display": "100",
                        "missing_lines": 0,
                        "excluded_lines": 0,
                        "percent_statements_covered": 100.0,
                        "percent_statements_covered_display": "100"
                    },
                    "missing_lines": [],
                    "excluded_lines": []
                },
                "EinsteinGame.get_hint": {
                    "executed_lines": [
                        249,
                        250,
                        251,
                        252,
                        253,
                        254,
                        255,
                        257
                    ],
                    "summary": {
                        "covered_lines": 8,
                        "num_statements": 8,
                        "percent_covered": 100.0,
                        "percent_covered_display": "100",
                        "missing_lines": 0,
                        "excluded_lines": 0,
                        "percent_statements_covered": 100.0,
                        "percent_statements_covered_display": "100"
                    },
                    "missing_lines": [],
                    "excluded_lines": []
                },
                "EinsteinGame.render_grid": {
                    "executed_lines": [
                        265,
                        267,
                        268,
                        271,
                        272,
                        274,
                        275,
                        276,
                        277,
                        278,
                        279,
                        280,
                        282,
                        284,
                        285,
                        286,
                        287,
                        289
                    ],
                    "summary": {
                        "covered_lines": 18,
                        "num_statements": 18,
                        "percent_covered": 100.0,
                        "percent_covered_display": "100",
                        "missing_lines": 0,
                        "excluded_lines": 0,
                        "percent_statements_covered": 100.0,
                        "percent_statements_covered_display": "100"
                    },
                    "missing_lines": [],
                    "excluded_lines": []
                },
                "EinsteinGame.get_rules": {
                    "executed_lines": [
                        297
                    ],
                    "summary": {
                        "covered_lines": 1,
                        "num_statements": 1,
                        "percent_covered": 100.0,
                        "percent_covered_display": "100",
                        "missing_lines": 0,
                        "excluded_lines": 0,
                        "percent_statements_covered": 100.0,
                        "percent_statements_covered_display": "100"
                    },
                    "missing_lines": [],
                    "excluded_lines": []
                },
                "EinsteinGame.get_commands": {
                    "executed_lines": [
                        311
                    ],
                    "summary": {
                        "covered_lines": 1,
                        "num_statements": 1,
                        "percent_covered": 100.0,
                        "percent_covered_display": "100",
                        "missing_lines": 0,
                        "excluded_lines": 0,
                        "percent_statements_covered": 100.0,
                        "percent_statements_covered_display": "100"
                    },
                    "missing_lines": [],
                    "excluded_lines": []
                },
                "EinsteinGame.get_stats": {
                    "executed_lines": [
                        327,
                        333,
                        335
                    ],
                    "summary": {
                        "covered_lines": 3,
                        "num_statements": 3,
                        "percent_covered": 100.0,
                        "percent_covered_display": "100",
                        "missing_lines": 0,
                        "excluded_lines": 0,
                        "percent_statements_covered": 100.0,
                        "percent_statements_covered_display": "100"
                    },
                    "missing_lines": [],
                    "excluded_lines": []
                },
                "": {
                    "executed_lines": [
                        1,
                        3,
                        4,
                        6,
                        8,
                        9,
                        12,
                        13,
                        20,
                        47,
                        48,
                        52,
                        53,
                        57,
                        94,
                        153,
                        227,
                        242,
                        259,
                        291,
                        305,
                        321
                    ],
                    "summary": {
                        "covered_lines": 20,
                        "num_statements": 20,
                        "percent_covered": 100.0,
                        "percent_covered_display": "100",
                        "missing_lines": 0,
                        "excluded_lines": 0,
                        "percent_statements_covered": 100.0,
                        "percent_statements_covered_display": "100"
                    },
                    "missing_lines": [],
                    "excluded_lines": []
                }
            },
            "classes": {
                "EinsteinGame": {
                    "executed_lines": [
                        26,
                        29,
                        32,
                        33,
                        34,
                        35,
                        36,
                        39,
                        42,
                        45,
                        50,
                        55,
                        60,
                        61,
                        62,
                        63,
                        64,
                        66,
                        67,
                        68,
                        69,
                        70,
                        73,
                        74,
                        75,
                        86,
                        89,
                        91,
                        92,
                        96,
                        99,
                        100,
                        101,
                        102,
                        106,
                        107,
                        109,
                        110,
                        113,
                        116,
                        117,
                        120,
                        121,
                        122,
                        125,
                        126,
                        127,
                        130,
                        131,
                        132,
                        133,
                        136,
                        137,
                        138,
                        140,
                        141,
                        142,
                        145,
                        150,
                        151,
                        165,
                        168,
                        169,
                        172,
                        173,
                        176,
                        179,
                        180,
                        181,
                        184,
                        185,
                        186,
                        187,
                        188,
                        189,
                        190,
                        191,
                        192,
                        193,
                        199,
                        200,
                        201,
                        204,
                        207,
                        208,
                        209,
                        212,
                        213,
                        214,
                        215,
                        216,
                        223,
                        224,
                        225,
                        230,
                        231,
                        232,
                        235,
                        236,
                        237,
                        238,
                        240,
                        249,
                        250,
                        251,
                        252,
                        253,
                        254,
                        255,
                        257,
                        265,
                        267,
                        268,
                        271,
                        272,
                        274,
                        275,
                        276,
                        277,
                        278,
                        279,
                        280,
                        282,
                        284,
                        285,
                        286,
                        287,
                        289,
                        297,
                        311,
                        327,
                        333,
                        335
                    ],
                    "summary": {
                        "covered_lines": 133,
                        "num_statements": 136,
                        "percent_covered": 97.79411764705883,
                        "percent_covered_display": "98",
                        "missing_lines": 3,
                        "excluded_lines": 0,
                        "percent_statements_covered": 97.79411764705883,
                        "percent_statements_covered_display": "98"
                    },
                    "missing_lines": [
                        103,
                        196,
                        202
                    ],
                    "excluded_lines": []
                },
                "": {
                    "executed_lines": [
                        1,
                        3,
                        4,
                        6,
                        8,
                        9,
                        12,
                        13,
                        20,
                        47,
                        48,
                        52,
                        53,
                        57,
                        94,
                        153,
                        227,
                        242,
                        259,
                        291,
                        305,
                        321
                    ],
                    "summary": {
                        "covered_lines": 20,
                        "num_statements": 20,
                        "percent_covered": 100.0,
                        "percent_covered_display": "100",
                        "missing_lines": 0,
                        "excluded_lines": 0,
                        "percent_statements_covered": 100.0,
                        "percent_statements_covered_display": "100"
                    },
                    "missing_lines": [],
                    "excluded_lines": []
                }
            }
        },
        "src/puzzle_arcade_server/games/futoshiki.py": {
            "executed_lines": [
                1,
                3,
                4,
                6,
                8,
                9,
                12,
                13,
                19,
                25,
                28,
                29,
                31,
                32,
                33,
                37,
                39,
                40,
                42,
                44,
                45,
                47,
                49,
                61,
                62,
                65,
                66,
                67,
                70,
                71,
                72,
                75,
                77,
                79,
                80,
                81,
                83,
                84,
                86,
                88,
                97,
                98,
                99,
                100,
                101,
                103,
                104,
                106,
                108,
                109,
                111,
                113,
                116,
                121,
                124,
                127,
                128,
                129,
                132,
                133,
                134,
                137,
                139,
                140,
                141,
                143,
                144,
                146,
                148,
                151,
                154,
                155,
                156,
                159,
                160,
                161,
                162,
                164,
                165,
                168,
                171,
                176,
                179,
                182,
                183,
                185,
                186,
                188,
                189,
                190,
                192,
                204,
                205,
                208,
                209,
                212,
                213,
                216,
                217,
                218,
                221,
                222,
                225,
                226,
                228,
                234,
                235,
                237,
                239,
                240,
                241,
                242,
                243,
                245,
                247,
                253,
                254,
                257,
                258,
                259,
                260,
                262,
                268,
                271,
                272,
                274,
                275,
                276,
                277,
                279,
                281,
                282,
                284,
                287,
                288,
                290,
                292,
                293,
                294,
                295,
                296,
                299,
                300,
                301,
                303,
                304,
                307,
                308,
                309,
                310,
                311,
                312,
                313,
                314,
                315,
                317,
                319,
                325,
                330,
                336,
                346,
                352,
                353
            ],
            "summary": {
                "covered_lines": 161,
                "num_statements": 165,
                "percent_covered": 97.57575757575758,
                "percent_covered_display": "98",
                "missing_lines": 4,
                "excluded_lines": 0,
                "percent_statements_covered": 97.57575757575758,
                "percent_statements_covered_display": "98"
            },
            "missing_lines": [
                229,
                230,
                244,
                255
            ],
            "excluded_lines": [],
            "functions": {
                "FutoshikiGame.__init__": {
                    "executed_lines": [
                        25,
                        28,
                        29,
                        31,
                        32,
                        33,
                        37
                    ],
                    "summary": {
                        "covered_lines": 7,
                        "num_statements": 7,
                        "percent_covered": 100.0,
                        "percent_covered_display": "100",
                        "missing_lines": 0,
                        "excluded_lines": 0,
                        "percent_statements_covered": 100.0,
                        "percent_statements_covered_display": "100"
                    },
                    "missing_lines": [],
                    "excluded_lines": []
                },
                "FutoshikiGame.name": {
                    "executed_lines": [
                        42
                    ],
                    "summary": {
                        "covered_lines": 1,
                        "num_statements": 1,
                        "percent_covered": 100.0,
                        "percent_covered_display": "100",
                        "missing_lines": 0,
                        "excluded_lines": 0,
                        "percent_statements_covered": 100.0,
                        "percent_statements_covered_display": "100"
                    },
                    "missing_lines": [],
                    "excluded_lines": []
                },
                "FutoshikiGame.description": {
                    "executed_lines": [
                        47
                    ],
                    "summary": {
                        "covered_lines": 1,
                        "num_statements": 1,
                        "percent_covered": 100.0,
                        "percent_covered_display": "100",
                        "missing_lines": 0,
                        "excluded_lines": 0,
                        "percent_statements_covered": 100.0,
                        "percent_statements_covered_display": "100"
                    },
                    "missing_lines": [],
                    "excluded_lines": []
                },
                "FutoshikiGame.is_valid_move": {
                    "executed_lines": [
                        61,
                        62,
                        65,
                        66,
                        67,
                        70,
                        71,
                        72,
[...]
                    "missing_lines": [],
                    "excluded_lines": []
                },
                "SchedulerAction": {
                    "executed_lines": [],
                    "summary": {
                        "covered_lines": 0,
                        "num_statements": 0,
                        "percent_covered": 100.0,
                        "percent_covered_display": "100",
                        "missing_lines": 0,
                        "excluded_lines": 0,
                        "percent_statements_covered": 100.0,
                        "percent_statements_covered_display": "100"
                    },
                    "missing_lines": [],
                    "excluded_lines": []
                },
                "NurikabeColor": {
                    "executed_lines": [],
                    "summary": {
                        "covered_lines": 0,
                        "num_statements": 0,
                        "percent_covered": 100.0,
                        "percent_covered_display": "100",
                        "missing_lines": 0,
                        "excluded_lines": 0,
                        "percent_statements_covered": 100.0,
                        "percent_statements_covered_display": "100"
                    },
                    "missing_lines": [],
                    "excluded_lines": []
                },
                "ArithmeticOperation": {
                    "executed_lines": [],
                    "summary": {
                        "covered_lines": 0,
                        "num_statements": 0,
                        "percent_covered": 100.0,
                        "percent_covered_display": "100",
                        "missing_lines": 0,
                        "excluded_lines": 0,
                        "percent_statements_covered": 100.0,
                        "percent_statements_covered_display": "100"
                    },
                    "missing_lines": [],
                    "excluded_lines": []
                },
                "CellState": {
                    "executed_lines": [],
                    "summary": {
                        "covered_lines": 0,
                        "num_statements": 0,
                        "percent_covered": 100.0,
                        "percent_covered_display": "100",
                        "missing_lines": 0,
                        "excluded_lines": 0,
                        "percent_statements_covered": 100.0,
                        "percent_statements_covered_display": "100"
                    },
                    "missing_lines": [],
                    "excluded_lines": []
                },
                "ConnectionState": {
                    "executed_lines": [],
                    "summary": {
                        "covered_lines": 0,
                        "num_statements": 0,
                        "percent_covered": 100.0,
                        "percent_covered_display": "100",
                        "missing_lines": 0,
                        "excluded_lines": 0,
                        "percent_statements_covered": 100.0,
                        "percent_statements_covered_display": "100"
                    },
                    "missing_lines": [],
                    "excluded_lines": []
                },
                "": {
                    "executed_lines": [
                        1,
                        3,
                        6,
                        7,
                        9,
                        10,
                        11,
                        14,
                        15,
                        17,
                        18,
                        19,
                        20,
                        21,
                        22,
                        23,
                        24,
                        25,
                        26,
                        27,
                        28,
                        30,
                        31,
                        32,
                        33,
                        34,
                        35,
                        36,
                        37,
                        38,
                        39,
                        40,
                        43,
                        44,
                        46,
                        47,
                        48,
                        49,
                        52,
                        53,
                        55,
                        56,
                        59,
                        60,
                        62,
                        63,
                        66,
                        67,
                        69,
                        70,
                        71,
                        72,
                        73,
                        74,
                        77,
                        78,
                        80,
                        81,
                        82,
                        83,
                        84,
                        87,
                        88,
                        90,
                        91,
                        92,
                        93,
                        94,
                        95,
                        98,
                        99,
                        101,
                        102,
                        103
                    ],
                    "summary": {
                        "covered_lines": 64,
                        "num_statements": 64,
                        "percent_covered": 100.0,
                        "percent_covered_display": "100",
                        "missing_lines": 0,
                        "excluded_lines": 0,
                        "percent_statements_covered": 100.0,
                        "percent_statements_covered_display": "100"
                    },
                    "missing_lines": [],
                    "excluded_lines": []
                }
            }
        },
        "src/puzzle_arcade_server/models/games.py": {
            "executed_lines": [
                1,
                3,
                5,
                8,
                9,
                11,
                13,
                14,
                15,
                16,
                19,
                20,
                22,
                24,
                25,
                26,
                29,
                30,
                32,
                34,
                35,
                36,
                39,
                40,
                42,
                44,
                45,
                46,
                47,
                48,
                50,
                52,
                62,
                64,
                66,
                68,
                71,
                72,
                74,
                76,
                77,
                78,
                79,
                82,
                83,
                85,
                87,
                88,
                89
            ],
            "summary": {
                "covered_lines": 42,
                "num_statements": 42,
                "percent_covered": 100.0,
                "percent_covered_display": "100",
                "missing_lines": 0,
                "excluded_lines": 0,
                "percent_statements_covered": 100.0,
                "percent_statements_covered_display": "100"
            },
            "missing_lines": [],
            "excluded_lines": [],
            "functions": {
                "HouseAssignment.is_complete": {
                    "executed_lines": [
                        52
                    ],
                    "summary": {
                        "covered_lines": 1,
                        "num_statements": 1,
                        "percent_covered": 100.0,
                        "percent_covered_display": "100",
                        "missing_lines": 0,
                        "excluded_lines": 0,
                        "percent_statements_covered": 100.0,
                        "percent_statements_covered_display": "100"
                    },
                    "missing_lines": [],
                    "excluded_lines": []
                },
                "HouseAssignment.get_attribute": {
                    "executed_lines": [
                        64
                    ],
                    "summary": {
                        "covered_lines": 1,
                        "num_statements": 1,
                        "percent_covered": 100.0,
                        "percent_covered_display": "100",
                        "missing_lines": 0,
                        "excluded_lines": 0,
                        "percent_statements_covered": 100.0,
                        "percent_statements_covered_display": "100"
                    },
                    "missing_lines": [],
                    "excluded_lines": []
                },
                "HouseAssignment.set_attribute": {
                    "executed_lines": [
                        68
                    ],
                    "summary": {
                        "covered_lines": 1,
                        "num_statements": 1,
                        "percent_covered": 100.0,
                        "percent_covered_display": "100",
                        "missing_lines": 0,
                        "excluded_lines": 0,
                        "percent_statements_covered": 100.0,
                        "percent_statements_covered_display": "100"
                    },
                    "missing_lines": [],
                    "excluded_lines": []
                },
                "": {
                    "executed_lines": [
                        1,
                        3,
                        5,
                        8,
                        9,
                        11,
                        13,
                        14,
                        15,
                        16,
                        19,
                        20,
                        22,
                        24,
                        25,
                        26,
                        29,
                        30,
                        32,
                        34,
                        35,
                        36,
                        39,
                        40,
                        42,
                        44,
                        45,
                        46,
                        47,
                        48,
                        50,
                        62,
                        66,
                        71,
                        72,
                        74,
                        76,
                        77,
                        78,
                        79,
                        82,
                        83,
                        85,
                        87,
                        88,
                        89
                    ],
                    "summary": {
                        "covered_lines": 39,
                        "num_statements": 39,
                        "percent_covered": 100.0,
                        "percent_covered_display": "100",
                        "missing_lines": 0,
                        "excluded_lines": 0,
                        "percent_statements_covered": 100.0,
                        "percent_statements_covered_display": "100"
                    },
                    "missing_lines": [],
                    "excluded_lines": []
                }
            },
            "classes": {
                "Task": {
                    "executed_lines": [],
                    "summary": {
                        "covered_lines": 0,
                        "num_statements": 0,
                        "percent_covered": 100.0,
                        "percent_covered_display": "100",
                        "missing_lines": 0,
                        "excluded_lines": 0,
                        "percent_statements_covered": 100.0,
                        "percent_statements_covered_display": "100"
                    },
                    "missing_lines": [],
                    "excluded_lines": []
                },
                "Item": {
                    "executed_lines": [],
                    "summary": {
                        "covered_lines": 0,
                        "num_statements": 0,
                        "percent_covered": 100.0,
                        "percent_covered_display": "100",
                        "missing_lines": 0,
                        "excluded_lines": 0,
                        "percent_statements_covered": 100.0,
                        "percent_statements_covered_display": "100"
                    },
                    "missing_lines": [],
                    "excluded_lines": []
                },
                "Cage": {
                    "executed_lines": [],
                    "summary": {
                        "covered_lines": 0,
                        "num_statements": 0,
                        "percent_covered": 100.0,
                        "percent_covered_display": "100",
                        "missing_lines": 0,
                        "excluded_lines": 0,
                        "percent_statements_covered": 100.0,
                        "percent_statements_covered_display": "100"
                    },
                    "missing_lines": [],
                    "excluded_lines": []
                },
                "HouseAssignment": {
                    "executed_lines": [
                        52,
                        64,
                        68
                    ],
                    "summary": {
                        "covered_lines": 3,
                        "num_statements": 3,
                        "percent_covered": 100.0,
                        "percent_covered_display": "100",
                        "missing_lines": 0,
                        "excluded_lines": 0,
                        "percent_statements_covered": 100.0,
                        "percent_statements_covered_display": "100"
                    },
                    "missing_lines": [],
                    "excluded_lines": []
                },
                "LogicGridCategories": {
                    "executed_lines": [],
                    "summary": {
                        "covered_lines": 0,
                        "num_statements": 0,
                        "percent_covered": 100.0,
                        "percent_covered_display": "100",
                        "missing_lines": 0,
                        "excluded_lines": 0,
                        "percent_statements_covered": 100.0,
                        "percent_statements_covered_display": "100"
                    },
                    "missing_lines": [],
                    "excluded_lines": []
                },
                "PersonAttributes": {
                    "executed_lines": [],
                    "summary": {
                        "covered_lines": 0,
                        "num_statements": 0,
                        "percent_covered": 100.0,
                        "percent_covered_display": "100",
                        "missing_lines": 0,
                        "excluded_lines": 0,
                        "percent_statements_covered": 100.0,
                        "percent_statements_covered_display": "100"
                    },
                    "missing_lines": [],
                    "excluded_lines": []
                },
                "": {
                    "executed_lines": [
                        1,
                        3,
                        5,
                        8,
                        9,
                        11,
                        13,
                        14,
                        15,
                        16,
                        19,
                        20,
                        22,
                        24,
                        25,
                        26,
                        29,
                        30,
                        32,
                        34,
                        35,
                        36,
                        39,
                        40,
                        42,
                        44,
                        45,
                        46,
                        47,
                        48,
                        50,
                        62,
                        66,
                        71,
                        72,
                        74,
                        76,
                        77,
                        78,
                        79,
                        82,
                        83,
                        85,
                        87,
                        88,
                        89
                    ],
                    "summary": {
                        "covered_lines": 39,
                        "num_statements": 39,
                        "percent_covered": 100.0,
                        "percent_covered_display": "100",
                        "missing_lines": 0,
                        "excluded_lines": 0,
                        "percent_statements_covered": 100.0,
                        "percent_statements_covered_display": "100"
                    },
                    "missing_lines": [],
                    "excluded_lines": []
                }
            }
        },
        "src/puzzle_arcade_server/utils/__init__.py": {
            "executed_lines": [],
            "summary": {
                "covered_lines": 0,
                "num_statements": 0,
                "percent_covered": 100.0,
                "percent_covered_display": "100",
                "missing_lines": 0,
                "excluded_lines": 0,
                "percent_statements_covered": 100.0,
                "percent_statements_covered_display": "100"
            },
            "missing_lines": [],
            "excluded_lines": [],
            "functions": {
                "": {
                    "executed_lines": [],
                    "summary": {
                        "covered_lines": 0,
                        "num_statements": 0,
                        "percent_covered": 100.0,
                        "percent_covered_display": "100",
                        "missing_lines": 0,
                        "excluded_lines": 0,
                        "percent_statements_covered": 100.0,
                        "percent_statements_covered_display": "100"
                    },
                    "missing_lines": [],
                    "excluded_lines": []
                }
            },
            "classes": {
                "": {
                    "executed_lines": [],
                    "summary": {
                        "covered_lines": 0,
                        "num_statements": 0,
                        "percent_covered": 100.0,
                        "percent_covered_display": "100",
                        "missing_lines": 0,
                        "excluded_lines": 0,
                        "percent_statements_covered": 100.0,
                        "percent_statements_covered_display": "100"
                    },
                    "missing_lines": [],
                    "excluded_lines": []
                }
            }
        }
    },
    "totals": {
        "covered_lines": 2682,
        "num_statements": 2837,
        "percent_covered": 94.53648219950652,
        "percent_covered_display": "95",
        "missing_lines": 155,
        "excluded_lines": 76,
        "percent_statements_covered": 94.53648219950652,
        "percent_statements_covered_display": "95"
    }
}